<?xml version="1.0" encoding="UTF-8"?>
<!-- Generated by org.testng.reporters.JUnitXMLReporter -->
<testsuite hostname="user-PC" name="Retail Domain test" tests="2" failures="1" timestamp="5 Mar 2020 14:01:30 GMT" time="22.933" errors="0">
  <testcase name="loginPageValidation" time="0.016" classname="com.staples.testCases.TC_LoginTestCase">
    <failure type="java.lang.NullPointerException">
      <![CDATA[java.lang.NullPointerException
	at com.staples.testCases.TC_LoginTestCase.loginPageValidation(TC_LoginTestCase.java:33)
... Removed 24 stack frames]]>
    </failure>
  </testcase> <!-- loginPageValidation -->
  <testcase name="loginTest" time="4.424" classname="com.staples.testCases.TC_LoginTestCase"/>
</testsuite> <!-- Retail Domain test -->
