<?xml version="1.0" encoding="UTF-8"?>
<testng-results skipped="0" failed="1" total="2" passed="1">
  <reporter-output>
  </reporter-output>
  <suite name="Staples_Retail_Store" duration-ms="24428" started-at="2020-03-05T14:36:59Z" finished-at="2020-03-05T14:37:23Z">
    <groups>
    </groups>
    <test name="Retail Domain test" duration-ms="24428" started-at="2020-03-05T14:36:59Z" finished-at="2020-03-05T14:37:23Z">
      <class name="com.staples.testCases.TC_LoginTestCase">
        <test-method status="PASS" signature="setUp(java.lang.String)[pri:0, instance:com.staples.testCases.TC_LoginTestCase@e25b2fe]" name="setUp" is-config="true" duration-ms="19311" started-at="2020-03-05T20:06:59Z" finished-at="2020-03-05T20:07:18Z">
          <params>
            <param index="0">
              <value>
                <![CDATA[chrome]]>
              </value>
            </param>
          </params>
          <reporter-output>
          </reporter-output>
        </test-method> <!-- setUp -->
        <test-method status="FAIL" signature="loginPageValidation()[pri:0, instance:com.staples.testCases.TC_LoginTestCase@e25b2fe]" name="loginPageValidation" duration-ms="656" started-at="2020-03-05T20:07:18Z" finished-at="2020-03-05T20:07:19Z">
          <exception class="java.lang.NullPointerException">
            <full-stacktrace>
              <![CDATA[java.lang.NullPointerException
	at com.staples.testCases.TC_LoginTestCase.loginPageValidation(TC_LoginTestCase.java:36)
	at sun.reflect.NativeMethodAccessorImpl.invoke0(Native Method)
	at sun.reflect.NativeMethodAccessorImpl.invoke(Unknown Source)
	at sun.reflect.DelegatingMethodAccessorImpl.invoke(Unknown Source)
	at java.lang.reflect.Method.invoke(Unknown Source)
	at org.testng.internal.MethodInvocationHelper.invokeMethod(MethodInvocationHelper.java:85)
	at org.testng.internal.Invoker.invokeMethod(Invoker.java:639)
	at org.testng.internal.Invoker.invokeTestMethod(Invoker.java:816)
	at org.testng.internal.Invoker.invokeTestMethods(Invoker.java:1124)
	at org.testng.internal.TestMethodWorker.invokeTestMethods(TestMethodWorker.java:125)
	at org.testng.internal.TestMethodWorker.run(TestMethodWorker.java:108)
	at org.testng.TestRunner.privateRun(TestRunner.java:774)
	at org.testng.TestRunner.run(TestRunner.java:624)
	at org.testng.SuiteRunner.runTest(SuiteRunner.java:359)
	at org.testng.SuiteRunner.runSequentially(SuiteRunner.java:354)
	at org.testng.SuiteRunner.privateRun(SuiteRunner.java:312)
	at org.testng.SuiteRunner.run(SuiteRunner.java:261)
	at org.testng.SuiteRunnerWorker.runSuite(SuiteRunnerWorker.java:52)
	at org.testng.SuiteRunnerWorker.run(SuiteRunnerWorker.java:86)
	at org.testng.TestNG.runSuitesSequentially(TestNG.java:1215)
	at org.testng.TestNG.runSuitesLocally(TestNG.java:1140)
	at org.testng.TestNG.run(TestNG.java:1048)
	at org.testng.remote.AbstractRemoteTestNG.run(AbstractRemoteTestNG.java:115)
	at org.testng.remote.RemoteTestNG.initAndRun(RemoteTestNG.java:251)
	at org.testng.remote.RemoteTestNG.main(RemoteTestNG.java:77)
]]>
            </full-stacktrace>
          </exception> <!-- java.lang.NullPointerException -->
          <reporter-output>
          </reporter-output>
        </test-method> <!-- loginPageValidation -->
        <test-method status="PASS" signature="loginTest()[pri:0, instance:com.staples.testCases.TC_LoginTestCase@e25b2fe]" name="loginTest" duration-ms="4120" started-at="2020-03-05T20:07:19Z" finished-at="2020-03-05T20:07:23Z">
          <reporter-output>
          </reporter-output>
        </test-method> <!-- loginTest -->
      </class> <!-- com.staples.testCases.TC_LoginTestCase -->
    </test> <!-- Retail Domain test -->
  </suite> <!-- Staples_Retail_Store -->
</testng-results>
